\BOOKMARK [1][-]{section.1}{Lizenz}{}% 1
\BOOKMARK [1][-]{section.2}{Einleitung}{}% 2
\BOOKMARK [1][-]{section.3}{Konventionen}{}% 3
\BOOKMARK [1][-]{section.4}{Grundlagen}{}% 4
\BOOKMARK [2][-]{subsection.4.1}{Datens\344tze}{section.4}% 5
\BOOKMARK [2][-]{subsection.4.2}{Python}{section.4}% 6
\BOOKMARK [2][-]{subsection.4.3}{Python Bibliotheken}{section.4}% 7
\BOOKMARK [2][-]{subsection.4.4}{Deep Learning Frameworks}{section.4}% 8
\BOOKMARK [2][-]{subsection.4.5}{Keras}{section.4}% 9
\BOOKMARK [1][-]{section.5}{Das Neuron}{}% 10
\BOOKMARK [2][-]{subsection.5.1}{Das Perceptron}{section.5}% 11
\BOOKMARK [2][-]{subsection.5.2}{Das ADALINE}{section.5}% 12
\BOOKMARK [2][-]{subsection.5.3}{Aktivierungsfunktionen}{section.5}% 13
\BOOKMARK [2][-]{subsection.5.4}{Fehlerfunktionen }{section.5}% 14
\BOOKMARK [2][-]{subsection.5.5}{Gradient Descent}{section.5}% 15
\BOOKMARK [1][-]{section.6}{K\374nstliche Neuronale Netze}{}% 16
\BOOKMARK [2][-]{subsection.6.1}{Definition}{section.6}% 17
\BOOKMARK [2][-]{subsection.6.2}{Arten des Deep Learning}{section.6}% 18
\BOOKMARK [2][-]{subsection.6.3}{Vom Neuron zum Deep Learning}{section.6}% 19
\BOOKMARK [2][-]{subsection.6.4}{Stochastic und Batch Gradient Descent}{section.6}% 20
\BOOKMARK [2][-]{subsection.6.5}{Backpropagation}{section.6}% 21
\BOOKMARK [2][-]{subsection.6.6}{Optimizer}{section.6}% 22
\BOOKMARK [2][-]{subsection.6.7}{Das Densenet}{section.6}% 23
\BOOKMARK [2][-]{subsection.6.8}{Das Convolutional Neural Network}{section.6}% 24
\BOOKMARK [2][-]{subsection.6.9}{Das Recurrent Neural Network}{section.6}% 25
